<?xml version="1.0" encoding="UTF-8"?>
<!-- Generated by org.testng.reporters.JUnitXMLReporter -->
<testsuite hostname="Sachin-Sharma" ignored="0" name="sanity test--firefox" tests="3" failures="0" timestamp="10 Jun 2022 13:12:19 GMT" time="32.522" errors="0">
  <testcase name="verifyLoginPageTitleTest" time="0.033" classname="com.qa.trcrm.tests.LoginPageTest2"/>
  <testcase name="verifySignUpLinkTest" time="0.214" classname="com.qa.trcrm.tests.LoginPageTest2"/>
  <testcase name="loginTest" time="11.519" classname="com.qa.trcrm.tests.LoginPageTest2"/>
</testsuite> <!-- sanity test-firefox -->
