<?xml version="1.0" encoding="UTF-8"?>
<!-- Generated by org.testng.reporters.JUnitXMLReporter -->
<testsuite hostname="Sachin-Sharma" ignored="0" name="sanity test--chrome" tests="3" failures="0" timestamp="10 Jun 2022 13:11:46 GMT" time="38.067" errors="0">
  <testcase name="verifyLoginPageTitleTest" time="0.042" classname="com.qa.trcrm.tests.LoginPageTest2"/>
  <testcase name="verifySignUpLinkTest" time="0.166" classname="com.qa.trcrm.tests.LoginPageTest2"/>
  <testcase name="loginTest" time="19.581" classname="com.qa.trcrm.tests.LoginPageTest2"/>
</testsuite> <!-- sanity test-chrome -->
