<?xml version="1.0" encoding="UTF-8"?>
<!-- Generated by org.testng.reporters.JUnitXMLReporter -->
<testsuite hostname="Sachin-Sharma" ignored="0" name="sanity test" tests="3" failures="0" timestamp="09 Jun 2022 17:41:04 GMT" time="73.799" errors="0">
  <testcase name="verifyLoginPageTitleTest" time="0.087" classname="com.qa.trcrm.tests.LoginPageTest"/>
  <testcase name="verifySignUpLinkTest" time="0.58" classname="com.qa.trcrm.tests.LoginPageTest"/>
  <testcase name="loginTest" time="22.61" classname="com.qa.trcrm.tests.LoginPageTest"/>
</testsuite> <!-- sanity test -->
