<?xml version="1.0" encoding="UTF-8"?>
<!-- Generated by org.testng.reporters.JUnitXMLReporter -->
<testsuite hostname="Sachin-Sharma" ignored="1" name="Default test" tests="2" failures="0" timestamp="17 Jun 2022 09:06:01 GMT" time="91.062" errors="0">
  <testcase name="verifyAddPersonTest" time="16.008" classname="com.qa.trcrm.tests.ContactsPageTest"/>
  <testcase name="verifyAddPersonTest" time="19.189" classname="com.qa.trcrm.tests.ContactsPageTest"/>
  <testcase name="verifyContactPageHeaderTest" time="0.0" classname="com.qa.trcrm.tests.ContactsPageTest">
    <ignored/>
  </testcase> <!-- verifyContactPageHeaderTest -->
</testsuite> <!-- Default test -->
