<?xml version="1.0" encoding="UTF-8"?>
<!-- Generated by org.testng.reporters.JUnitXMLReporter -->
<testsuite hostname="Sachin-Sharma" ignored="1" name="regression test" tests="9" failures="0" timestamp="16 Jun 2022 19:58:52 GMT" time="283.647" errors="0">
  <testcase name="verifyLoginPageTitleTest" time="0.388" classname="com.qa.trcrm.tests.LoginPageTest"/>
  <testcase name="verifyHomePageTitle" time="7.576" classname="com.qa.trcrm.tests.HomePageTest"/>
  <testcase name="verifyContactPageHeaderTest" time="15.36" classname="com.qa.trcrm.tests.ContactsPageTest"/>
  <testcase name="verifySignUpLinkTest" time="0.353" classname="com.qa.trcrm.tests.LoginPageTest"/>
  <testcase name="verifyHomePageHeaderTest" time="0.176" classname="com.qa.trcrm.tests.HomePageTest"/>
  <testcase name="verifyAddPersonTest" time="25.389" classname="com.qa.trcrm.tests.ContactsPageTest"/>
  <testcase name="verifyAddPersonTest" time="27.276" classname="com.qa.trcrm.tests.ContactsPageTest"/>
  <testcase name="loginTest" time="12.524" classname="com.qa.trcrm.tests.LoginPageTest"/>
  <testcase name="verifyLoggedInUserTest" time="0.353" classname="com.qa.trcrm.tests.HomePageTest"/>
  <testcase name="login_InvalidTestCases" time="0.0" classname="com.qa.trcrm.tests.LoginPageTest">
    <ignored/>
  </testcase> <!-- login_InvalidTestCases -->
</testsuite> <!-- regression test -->
