<?xml version="1.0" encoding="UTF-8"?>
<testsuite xmlns:xsi="http://www.w3.org/2001/XMLSchema-instance" xsi:noNamespaceSchemaLocation="https://maven.apache.org/surefire/maven-surefire-plugin/xsd/surefire-test-report.xsd" name="TestSuite" time="47.431" tests="10" errors="0" skipped="9" failures="1">
  <properties>
[...]
</properties>
  <testcase name="setUp" classname="com.qa.trcrm.tests.HomePageTest" time="43.922">
    <failure message="java.net.ConnectException: Failed to connect to localhost/0:0:0:0:0:0:0:1:26679&#10;Build info: version: &apos;3.141.59&apos;, revision: &apos;e82be7d358&apos;, time: &apos;2018-11-14T08:17:03&apos;&#10;System info: host: &apos;SACHIN-SHARMA&apos;, ip: &apos;192.168.43.210&apos;, os.name: &apos;Windows 10&apos;, os.arch: &apos;amd64&apos;, os.version: &apos;10.0&apos;, java.version: &apos;1.8.0_231&apos;&#10;Driver info: driver.version: FirefoxDriver" type="org.openqa.selenium.WebDriverException">org.openqa.selenium.WebDriverException: 
java.net.ConnectException: Failed to connect to localhost/0:0:0:0:0:0:0:1:26679
Build info: version: '3.141.59', revision: 'e82be7d358', time: '2018-11-14T08:17:03'
System info: host: 'SACHIN-SHARMA', ip: '192.168.43.210', os.name: 'Windows 10', os.arch: 'amd64', os.version: '10.0', java.version: '1.8.0_231'
Driver info: driver.version: FirefoxDriver
	at com.qa.trcrm.tests.HomePageTest.setUp(HomePageTest.java:28)
Caused by: java.net.ConnectException: Failed to connect to localhost/0:0:0:0:0:0:0:1:26679
	at com.qa.trcrm.tests.HomePageTest.setUp(HomePageTest.java:28)
Caused by: java.net.ConnectException: Connection refused: connect
	at com.qa.trcrm.tests.HomePageTest.setUp(HomePageTest.java:28)
</failure>
    <system-out><![CDATA[I am in onStart method regression test
]]></system-out>
    <system-err><![CDATA[SLF4J: Failed to load class "org.slf4j.impl.StaticLoggerBinder".
SLF4J: Defaulting to no-operation (NOP) logger implementation
SLF4J: See http://www.slf4j.org/codes.html#StaticLoggerBinder for further details.
1655383527051	geckodriver	INFO	Listening on 127.0.0.1:26679
]]></system-err>
  </testcase>
  <testcase name="setUp" classname="com.qa.trcrm.tests.HomePageTest" time="0">
    <skipped/>
  </testcase>
  <testcase name="verifyLoginPageTitleTest" classname="com.qa.trcrm.tests.LoginPageTest" time="0">
    <skipped message="java.net.ConnectException: Failed to connect to localhost/0:0:0:0:0:0:0:1:26679&#10;Build info: version: &apos;3.141.59&apos;, revision: &apos;e82be7d358&apos;, time: &apos;2018-11-14T08:17:03&apos;&#10;System info: host: &apos;SACHIN-SHARMA&apos;, ip: &apos;192.168.43.210&apos;, os.name: &apos;Windows 10&apos;, os.arch: &apos;amd64&apos;, os.version: &apos;10.0&apos;, java.version: &apos;1.8.0_231&apos;&#10;Driver info: driver.version: FirefoxDriver"/>
  </testcase>
  <testcase name="verifyHomePageTitle" classname="com.qa.trcrm.tests.HomePageTest" time="0">
    <skipped message="java.net.ConnectException: Failed to connect to localhost/0:0:0:0:0:0:0:1:26679&#10;Build info: version: &apos;3.141.59&apos;, revision: &apos;e82be7d358&apos;, time: &apos;2018-11-14T08:17:03&apos;&#10;System info: host: &apos;SACHIN-SHARMA&apos;, ip: &apos;192.168.43.210&apos;, os.name: &apos;Windows 10&apos;, os.arch: &apos;amd64&apos;, os.version: &apos;10.0&apos;, java.version: &apos;1.8.0_231&apos;&#10;Driver info: driver.version: FirefoxDriver"/>
    <system-out><![CDATA[I am in onTestSkipped method verifyLoginPageTitleTest skipped
]]></system-out>
  </testcase>
  <testcase name="verifySignUpLinkTest" classname="com.qa.trcrm.tests.LoginPageTest" time="0">
    <skipped message="java.net.ConnectException: Failed to connect to localhost/0:0:0:0:0:0:0:1:26679&#10;Build info: version: &apos;3.141.59&apos;, revision: &apos;e82be7d358&apos;, time: &apos;2018-11-14T08:17:03&apos;&#10;System info: host: &apos;SACHIN-SHARMA&apos;, ip: &apos;192.168.43.210&apos;, os.name: &apos;Windows 10&apos;, os.arch: &apos;amd64&apos;, os.version: &apos;10.0&apos;, java.version: &apos;1.8.0_231&apos;&#10;Driver info: driver.version: FirefoxDriver"/>
    <system-out><![CDATA[I am in onTestSkipped method verifyHomePageTitle skipped
]]></system-out>
  </testcase>
  <testcase name="verifyHomePageHeaderTest" classname="com.qa.trcrm.tests.HomePageTest" time="0">
    <skipped message="java.net.ConnectException: Failed to connect to localhost/0:0:0:0:0:0:0:1:26679&#10;Build info: version: &apos;3.141.59&apos;, revision: &apos;e82be7d358&apos;, time: &apos;2018-11-14T08:17:03&apos;&#10;System info: host: &apos;SACHIN-SHARMA&apos;, ip: &apos;192.168.43.210&apos;, os.name: &apos;Windows 10&apos;, os.arch: &apos;amd64&apos;, os.version: &apos;10.0&apos;, java.version: &apos;1.8.0_231&apos;&#10;Driver info: driver.version: FirefoxDriver"/>
    <system-out><![CDATA[I am in onTestSkipped method verifySignUpLinkTest skipped
]]></system-out>
  </testcase>
  <testcase name="loginTest" classname="com.qa.trcrm.tests.LoginPageTest" time="0">
    <skipped message="java.net.ConnectException: Failed to connect to localhost/0:0:0:0:0:0:0:1:26679&#10;Build info: version: &apos;3.141.59&apos;, revision: &apos;e82be7d358&apos;, time: &apos;2018-11-14T08:17:03&apos;&#10;System info: host: &apos;SACHIN-SHARMA&apos;, ip: &apos;192.168.43.210&apos;, os.name: &apos;Windows 10&apos;, os.arch: &apos;amd64&apos;, os.version: &apos;10.0&apos;, java.version: &apos;1.8.0_231&apos;&#10;Driver info: driver.version: FirefoxDriver"/>
    <system-out><![CDATA[I am in onTestSkipped method verifyHomePageHeaderTest skipped
]]></system-out>
  </testcase>
  <testcase name="verifyLoggedInUserTest" classname="com.qa.trcrm.tests.HomePageTest" time="0">
    <skipped message="java.net.ConnectException: Failed to connect to localhost/0:0:0:0:0:0:0:1:26679&#10;Build info: version: &apos;3.141.59&apos;, revision: &apos;e82be7d358&apos;, time: &apos;2018-11-14T08:17:03&apos;&#10;System info: host: &apos;SACHIN-SHARMA&apos;, ip: &apos;192.168.43.210&apos;, os.name: &apos;Windows 10&apos;, os.arch: &apos;amd64&apos;, os.version: &apos;10.0&apos;, java.version: &apos;1.8.0_231&apos;&#10;Driver info: driver.version: FirefoxDriver"/>
    <system-out><![CDATA[I am in onTestSkipped method loginTest skipped
]]></system-out>
  </testcase>
  <testcase name="tearDown" classname="com.qa.trcrm.tests.HomePageTest" time="0">
    <skipped/>
    <system-out><![CDATA[I am in onTestSkipped method verifyLoggedInUserTest skipped
]]></system-out>
  </testcase>
  <testcase name="tearDown" classname="com.qa.trcrm.tests.HomePageTest" time="0">
    <skipped/>
  </testcase>
</testsuite>